<?xml version="1.0" encoding="UTF-8"?>
<!-- Generated by org.testng.reporters.JUnitReportReporter -->
<testsuite skipped="0" hostname="LuckyPC" name="com.wordpress.testcases.LoginPageTest" tests="1" failures="0" timestamp="2020-09-24T22:45:20 IST" time="10.279" errors="0">
  <testcase name="LoginTest" time="10.279" classname="com.wordpress.testcases.LoginPageTest"/>
  <system-out/>
</testsuite> <!-- com.wordpress.testcases.LoginPageTest -->
